<?xml version="1.0" encoding="UTF-8"?>
<!-- Generated by org.testng.reporters.JUnitReportReporter -->
<testsuite hostname="Arekuti_Sirisha" failures="0" tests="2" name="cucumber.Options.TestNGTestRunner" time="3.572" errors="0" timestamp="2025-04-10T15:53:52 EDT" skipped="0">
  <testcase classname="cucumber.Options.TestNGTestRunner" name="runScenario" time="3.307"/>
  <system-out/>
  <testcase classname="cucumber.Options.TestNGTestRunner" name="runScenario" time="0.265"/>
  <system-out/>
</testsuite> <!-- cucumber.Options.TestNGTestRunner -->
